<testsuites id="" name="" tests="1" failures="0" skipped="0" errors="0" time="8.933742">
<testsuite name="booking.spec.ts" timestamp="2026-07-18T05:54:04.531Z" hostname="Google Chrome" tests="1" failures="0" skipped="0" time="5.937" errors="0">
<testcase name="TripStack Flight Booking › Book Flight Successfully" classname="booking.spec.ts" time="5.937">
<system-out>
<![CDATA[Available : 116
Selected Index : 27
PNR : TS-1015-0048

[[ATTACHMENT|..\test-results\booking-TripStack-Flight-Booking-Book-Flight-Successfully-Google-Chrome\test-finished-1.png]]

[[ATTACHMENT|..\test-results\booking-TripStack-Flight-Booking-Book-Flight-Successfully-Google-Chrome\video.webm]]

[[ATTACHMENT|..\test-results\booking-TripStack-Flight-Booking-Book-Flight-Successfully-Google-Chrome\trace.zip]]
]]>
</system-out>
</testcase>
</testsuite>
</testsuites>